Build started 2/21/2014 4:00:52 PM.
     1>Project "C:\Users\Dokonaly\Documents\Visual Studio 2012\Projects\Git\CarlosAR_VW\com.carlos.dll\com.carlos.dll.vcxproj" on node 2 (Build target(s)).
     1>ClCompile:
         C:\Program Files (x86)\Microsoft Visual Studio 11.0\VC\bin\CL.exe /c /ZI /nologo /W3 /WX- /Od /Oy- /D WIN32 /D _DEBUG /D _CONSOLE /D _WINDLL /D _UNICODE /D UNICODE /Gm /EHsc /RTC1 /MDd /GS /fp:precise /Zc:wchar_t /Zc:forScope /Fo"Debug\\" /Fd"Debug\vc110.pdb" /Gd /TP /analyze- /errorReport:prompt DllMain.cpp
         DllMain.cpp
     1>Done Building Project "C:\Users\Dokonaly\Documents\Visual Studio 2012\Projects\Git\CarlosAR_VW\com.carlos.dll\com.carlos.dll.vcxproj" (Build target(s)) -- FAILED.

Build FAILED.

Time Elapsed 00:00:06.86
