Build started 2. 12. 2013 20:43:46.
     1>Project "C:\Users\Patrik\Documents\TP\Project\develop\CarlosAR_VW\com.carlos.tcp\com.carlos.tcp.vcxproj" on node 3 (Build target(s)).
     1>ClCompile:
         C:\Program Files (x86)\Microsoft Visual Studio 11.0\VC\bin\CL.exe /c /ZI /nologo /W3 /WX- /Od /Oy- /D _WINDLL /D _MBCS /Gm /EHsc /RTC1 /MDd /GS /fp:precise /Zc:wchar_t /Zc:forScope /Fo"Debug\\" /Fd"Debug\vc110.pdb" /Gd /TP /analyze- /errorReport:prompt DllMain.cpp
         DllMain.cpp
     1>c:\users\patrik\documents\tp\project\develop\carlosar_vw\carlos\architecture\entities\entities.h(3): fatal error C1083: Cannot open include file: 'opencv2/opencv.hpp': No such file or directory
     1>Done Building Project "C:\Users\Patrik\Documents\TP\Project\develop\CarlosAR_VW\com.carlos.tcp\com.carlos.tcp.vcxproj" (Build target(s)) -- FAILED.

Build FAILED.

Time Elapsed 00:00:01.02
